  code_generator.cc
  command_line_interface.cc
  cpp_enum.cc
  cpp_enum_field.cc
  cpp_extension.cc
  cpp_field.cc
  cpp_file.cc
  cpp_generator.cc
  cpp_helpers.cc
  cpp_map_field.cc
  cpp_message.cc
  cpp_message_field.cc
  cpp_padding_optimizer.cc
  cpp_primitive_field.cc
  cpp_service.cc
  cpp_string_field.cc
  csharp_doc_comment.cc
  csharp_enum.cc
  csharp_enum_field.cc
  csharp_field_base.cc
  csharp_generator.cc
  csharp_helpers.cc
  csharp_map_field.cc
  csharp_message.cc
  csharp_message_field.cc
  csharp_primitive_field.cc
  csharp_reflection_class.cc
  csharp_repeated_enum_field.cc
  csharp_repeated_message_field.cc
  csharp_repeated_primitive_field.cc
  csharp_source_generator_base.cc
  csharp_wrapper_field.cc
  java_context.cc
  java_doc_comment.cc
  java_enum.cc
  java_enum_field.cc
  java_enum_field_lite.cc
  java_enum_lite.cc
  java_extension.cc
  java_extension_lite.cc
  java_field.cc
  java_file.cc
  java_generator.cc
  java_generator_factory.cc
  java_helpers.cc
  java_map_field.cc
  java_map_field_lite.cc
  java_message.cc
  java_message_builder.cc
  java_message_builder_lite.cc
  java_message_field.cc
  java_message_field_lite.cc
  java_message_lite.cc
  java_name_resolver.cc
  java_primitive_field.cc
  java_primitive_field_lite.cc
  java_service.cc
  java_shared_code_generator.cc
  java_string_field.cc
  java_string_field_lite.cc
  js_generator.cc
  well_known_types_embed.cc
  objectivec_enum.cc
  objectivec_enum_field.cc
  objectivec_extension.cc
  objectivec_field.cc
  objectivec_file.cc
  objectivec_generator.cc
  objectivec_helpers.cc
  objectivec_map_field.cc
  objectivec_message.cc
  objectivec_message_field.cc
  objectivec_oneof.cc
  objectivec_primitive_field.cc
  php_generator.cc
  plugin.cc
  plugin.pb.cc
  python_generator.cc
  ruby_generator.cc
  scc.cc
  subprocess.cc
  zip_writer.cc
    正在创建库 D:/selfproject/Game/game/Trunk/3rd/protobuf/cmake/build/solution/Debug/libprotocd.lib 和对象 D:/selfproject/Game/game/Trunk/3rd/protobuf/cmake/build/solution/Debug/libprotocd.exp
  libprotoc.vcxproj -> D:\selfproject\Game\game\Trunk\3rd\protobuf\cmake\build\solution\Debug\libprotocd.dll
