  arena.cc
  arenastring.cc
  extension_set.cc
  generated_message_table_driven_lite.cc
  generated_message_util.cc
  implicit_weak_message.cc
  coded_stream.cc
  zero_copy_stream.cc
d:\selfproject\game\game\trunk\3rd\protobuf\src\google\protobuf\repeated_field.h(2634): warning C4910: “google::protobuf::RepeatedField<bool>”:“__declspec(dllexport)”和“extern”在显式实例化上不兼容 (编译源文件 D:\selfproject\Game\game\Trunk\3rd\protobuf\src\google\protobuf\extension_set.cc)
d:\selfproject\game\game\trunk\3rd\protobuf\src\google\protobuf\repeated_field.h(2635): warning C4910: “google::protobuf::RepeatedField<google::protobuf::int32>”:“__declspec(dllexport)”和“extern”在显式实例化上不兼容 (编译源文件 D:\selfproject\Game\game\Trunk\3rd\protobuf\src\google\protobuf\extension_set.cc)
d:\selfproject\game\game\trunk\3rd\protobuf\src\google\protobuf\repeated_field.h(2636): warning C4910: “google::protobuf::RepeatedField<google::protobuf::uint32>”:“__declspec(dllexport)”和“extern”在显式实例化上不兼容 (编译源文件 D:\selfproject\Game\game\Trunk\3rd\protobuf\src\google\protobuf\extension_set.cc)
d:\selfproject\game\game\trunk\3rd\protobuf\src\google\protobuf\repeated_field.h(2637): warning C4910: “google::protobuf::RepeatedField<google::protobuf::int64>”:“__declspec(dllexport)”和“extern”在显式实例化上不兼容 (编译源文件 D:\selfproject\Game\game\Trunk\3rd\protobuf\src\google\protobuf\extension_set.cc)
d:\selfproject\game\game\trunk\3rd\protobuf\src\google\protobuf\repeated_field.h(2634): warning C4910: “google::protobuf::RepeatedField<bool>”:“__declspec(dllexport)”和“extern”在显式实例化上不兼容 (编译源文件 D:\selfproject\Game\game\Trunk\3rd\protobuf\src\google\protobuf\generated_message_util.cc)
d:\selfproject\game\game\trunk\3rd\protobuf\src\google\protobuf\repeated_field.h(2638): warning C4910: “google::protobuf::RepeatedField<google::protobuf::uint64>”:“__declspec(dllexport)”和“extern”在显式实例化上不兼容 (编译源文件 D:\selfproject\Game\game\Trunk\3rd\protobuf\src\google\protobuf\extension_set.cc)
d:\selfproject\game\game\trunk\3rd\protobuf\src\google\protobuf\repeated_field.h(2635): warning C4910: “google::protobuf::RepeatedField<google::protobuf::int32>”:“__declspec(dllexport)”和“extern”在显式实例化上不兼容 (编译源文件 D:\selfproject\Game\game\Trunk\3rd\protobuf\src\google\protobuf\generated_message_util.cc)
d:\selfproject\game\game\trunk\3rd\protobuf\src\google\protobuf\repeated_field.h(2639): warning C4910: “google::protobuf::RepeatedField<float>”:“__declspec(dllexport)”和“extern”在显式实例化上不兼容 (编译源文件 D:\selfproject\Game\game\Trunk\3rd\protobuf\src\google\protobuf\extension_set.cc)
d:\selfproject\game\game\trunk\3rd\protobuf\src\google\protobuf\repeated_field.h(2636): warning C4910: “google::protobuf::RepeatedField<google::protobuf::uint32>”:“__declspec(dllexport)”和“extern”在显式实例化上不兼容 (编译源文件 D:\selfproject\Game\game\Trunk\3rd\protobuf\src\google\protobuf\generated_message_util.cc)
d:\selfproject\game\game\trunk\3rd\protobuf\src\google\protobuf\repeated_field.h(2640): warning C4910: “google::protobuf::RepeatedField<double>”:“__declspec(dllexport)”和“extern”在显式实例化上不兼容 (编译源文件 D:\selfproject\Game\game\Trunk\3rd\protobuf\src\google\protobuf\extension_set.cc)
d:\selfproject\game\game\trunk\3rd\protobuf\src\google\protobuf\repeated_field.h(2641): warning C4910: “google::protobuf::RepeatedPtrField<std::string>”:“__declspec(dllexport)”和“extern”在显式实例化上不兼容 (编译源文件 D:\selfproject\Game\game\Trunk\3rd\protobuf\src\google\protobuf\extension_set.cc)
d:\selfproject\game\game\trunk\3rd\protobuf\src\google\protobuf\repeated_field.h(2637): warning C4910: “google::protobuf::RepeatedField<google::protobuf::int64>”:“__declspec(dllexport)”和“extern”在显式实例化上不兼容 (编译源文件 D:\selfproject\Game\game\Trunk\3rd\protobuf\src\google\protobuf\generated_message_util.cc)
d:\selfproject\game\game\trunk\3rd\protobuf\src\google\protobuf\repeated_field.h(2638): warning C4910: “google::protobuf::RepeatedField<google::protobuf::uint64>”:“__declspec(dllexport)”和“extern”在显式实例化上不兼容 (编译源文件 D:\selfproject\Game\game\Trunk\3rd\protobuf\src\google\protobuf\generated_message_util.cc)
d:\selfproject\game\game\trunk\3rd\protobuf\src\google\protobuf\repeated_field.h(2639): warning C4910: “google::protobuf::RepeatedField<float>”:“__declspec(dllexport)”和“extern”在显式实例化上不兼容 (编译源文件 D:\selfproject\Game\game\Trunk\3rd\protobuf\src\google\protobuf\generated_message_util.cc)
d:\selfproject\game\game\trunk\3rd\protobuf\src\google\protobuf\repeated_field.h(2640): warning C4910: “google::protobuf::RepeatedField<double>”:“__declspec(dllexport)”和“extern”在显式实例化上不兼容 (编译源文件 D:\selfproject\Game\game\Trunk\3rd\protobuf\src\google\protobuf\generated_message_util.cc)
d:\selfproject\game\game\trunk\3rd\protobuf\src\google\protobuf\repeated_field.h(2641): warning C4910: “google::protobuf::RepeatedPtrField<std::string>”:“__declspec(dllexport)”和“extern”在显式实例化上不兼容 (编译源文件 D:\selfproject\Game\game\Trunk\3rd\protobuf\src\google\protobuf\generated_message_util.cc)
d:\selfproject\game\game\trunk\3rd\protobuf\src\google\protobuf\repeated_field.h(2634): warning C4910: “google::protobuf::RepeatedField<bool>”:“__declspec(dllexport)”和“extern”在显式实例化上不兼容 (编译源文件 D:\selfproject\Game\game\Trunk\3rd\protobuf\src\google\protobuf\generated_message_table_driven_lite.cc)
d:\selfproject\game\game\trunk\3rd\protobuf\src\google\protobuf\repeated_field.h(2635): warning C4910: “google::protobuf::RepeatedField<google::protobuf::int32>”:“__declspec(dllexport)”和“extern”在显式实例化上不兼容 (编译源文件 D:\selfproject\Game\game\Trunk\3rd\protobuf\src\google\protobuf\generated_message_table_driven_lite.cc)
d:\selfproject\game\game\trunk\3rd\protobuf\src\google\protobuf\repeated_field.h(2636): warning C4910: “google::protobuf::RepeatedField<google::protobuf::uint32>”:“__declspec(dllexport)”和“extern”在显式实例化上不兼容 (编译源文件 D:\selfproject\Game\game\Trunk\3rd\protobuf\src\google\protobuf\generated_message_table_driven_lite.cc)
d:\selfproject\game\game\trunk\3rd\protobuf\src\google\protobuf\repeated_field.h(2637): warning C4910: “google::protobuf::RepeatedField<google::protobuf::int64>”:“__declspec(dllexport)”和“extern”在显式实例化上不兼容 (编译源文件 D:\selfproject\Game\game\Trunk\3rd\protobuf\src\google\protobuf\generated_message_table_driven_lite.cc)
d:\selfproject\game\game\trunk\3rd\protobuf\src\google\protobuf\repeated_field.h(2638): warning C4910: “google::protobuf::RepeatedField<google::protobuf::uint64>”:“__declspec(dllexport)”和“extern”在显式实例化上不兼容 (编译源文件 D:\selfproject\Game\game\Trunk\3rd\protobuf\src\google\protobuf\generated_message_table_driven_lite.cc)
d:\selfproject\game\game\trunk\3rd\protobuf\src\google\protobuf\repeated_field.h(2639): warning C4910: “google::protobuf::RepeatedField<float>”:“__declspec(dllexport)”和“extern”在显式实例化上不兼容 (编译源文件 D:\selfproject\Game\game\Trunk\3rd\protobuf\src\google\protobuf\generated_message_table_driven_lite.cc)
d:\selfproject\game\game\trunk\3rd\protobuf\src\google\protobuf\repeated_field.h(2640): warning C4910: “google::protobuf::RepeatedField<double>”:“__declspec(dllexport)”和“extern”在显式实例化上不兼容 (编译源文件 D:\selfproject\Game\game\Trunk\3rd\protobuf\src\google\protobuf\generated_message_table_driven_lite.cc)
d:\selfproject\game\game\trunk\3rd\protobuf\src\google\protobuf\repeated_field.h(2641): warning C4910: “google::protobuf::RepeatedPtrField<std::string>”:“__declspec(dllexport)”和“extern”在显式实例化上不兼容 (编译源文件 D:\selfproject\Game\game\Trunk\3rd\protobuf\src\google\protobuf\generated_message_table_driven_lite.cc)
d:\selfproject\game\game\trunk\3rd\protobuf\src\google\protobuf\repeated_field.h(2634): warning C4910: “google::protobuf::RepeatedField<bool>”:“__declspec(dllexport)”和“extern”在显式实例化上不兼容 (编译源文件 D:\selfproject\Game\game\Trunk\3rd\protobuf\src\google\protobuf\implicit_weak_message.cc)
d:\selfproject\game\game\trunk\3rd\protobuf\src\google\protobuf\repeated_field.h(2635): warning C4910: “google::protobuf::RepeatedField<google::protobuf::int32>”:“__declspec(dllexport)”和“extern”在显式实例化上不兼容 (编译源文件 D:\selfproject\Game\game\Trunk\3rd\protobuf\src\google\protobuf\implicit_weak_message.cc)
d:\selfproject\game\game\trunk\3rd\protobuf\src\google\protobuf\repeated_field.h(2636): warning C4910: “google::protobuf::RepeatedField<google::protobuf::uint32>”:“__declspec(dllexport)”和“extern”在显式实例化上不兼容 (编译源文件 D:\selfproject\Game\game\Trunk\3rd\protobuf\src\google\protobuf\implicit_weak_message.cc)
d:\selfproject\game\game\trunk\3rd\protobuf\src\google\protobuf\repeated_field.h(2637): warning C4910: “google::protobuf::RepeatedField<google::protobuf::int64>”:“__declspec(dllexport)”和“extern”在显式实例化上不兼容 (编译源文件 D:\selfproject\Game\game\Trunk\3rd\protobuf\src\google\protobuf\implicit_weak_message.cc)
d:\selfproject\game\game\trunk\3rd\protobuf\src\google\protobuf\repeated_field.h(2638): warning C4910: “google::protobuf::RepeatedField<google::protobuf::uint64>”:“__declspec(dllexport)”和“extern”在显式实例化上不兼容 (编译源文件 D:\selfproject\Game\game\Trunk\3rd\protobuf\src\google\protobuf\implicit_weak_message.cc)
d:\selfproject\game\game\trunk\3rd\protobuf\src\google\protobuf\repeated_field.h(2639): warning C4910: “google::protobuf::RepeatedField<float>”:“__declspec(dllexport)”和“extern”在显式实例化上不兼容 (编译源文件 D:\selfproject\Game\game\Trunk\3rd\protobuf\src\google\protobuf\implicit_weak_message.cc)
d:\selfproject\game\game\trunk\3rd\protobuf\src\google\protobuf\repeated_field.h(2640): warning C4910: “google::protobuf::RepeatedField<double>”:“__declspec(dllexport)”和“extern”在显式实例化上不兼容 (编译源文件 D:\selfproject\Game\game\Trunk\3rd\protobuf\src\google\protobuf\implicit_weak_message.cc)
d:\selfproject\game\game\trunk\3rd\protobuf\src\google\protobuf\repeated_field.h(2641): warning C4910: “google::protobuf::RepeatedPtrField<std::string>”:“__declspec(dllexport)”和“extern”在显式实例化上不兼容 (编译源文件 D:\selfproject\Game\game\Trunk\3rd\protobuf\src\google\protobuf\implicit_weak_message.cc)
  zero_copy_stream_impl_lite.cc
  message_lite.cc
  repeated_field.cc
  bytestream.cc
  common.cc
  int128.cc
d:\selfproject\game\game\trunk\3rd\protobuf\src\google\protobuf\repeated_field.h(2634): warning C4910: “google::protobuf::RepeatedField<bool>”:“__declspec(dllexport)”和“extern”在显式实例化上不兼容 (编译源文件 D:\selfproject\Game\game\Trunk\3rd\protobuf\src\google\protobuf\message_lite.cc)
d:\selfproject\game\game\trunk\3rd\protobuf\src\google\protobuf\repeated_field.h(2635): warning C4910: “google::protobuf::RepeatedField<google::protobuf::int32>”:“__declspec(dllexport)”和“extern”在显式实例化上不兼容 (编译源文件 D:\selfproject\Game\game\Trunk\3rd\protobuf\src\google\protobuf\message_lite.cc)
d:\selfproject\game\game\trunk\3rd\protobuf\src\google\protobuf\repeated_field.h(2636): warning C4910: “google::protobuf::RepeatedField<google::protobuf::uint32>”:“__declspec(dllexport)”和“extern”在显式实例化上不兼容 (编译源文件 D:\selfproject\Game\game\Trunk\3rd\protobuf\src\google\protobuf\message_lite.cc)
d:\selfproject\game\game\trunk\3rd\protobuf\src\google\protobuf\repeated_field.h(2637): warning C4910: “google::protobuf::RepeatedField<google::protobuf::int64>”:“__declspec(dllexport)”和“extern”在显式实例化上不兼容 (编译源文件 D:\selfproject\Game\game\Trunk\3rd\protobuf\src\google\protobuf\message_lite.cc)
d:\selfproject\game\game\trunk\3rd\protobuf\src\google\protobuf\repeated_field.h(2638): warning C4910: “google::protobuf::RepeatedField<google::protobuf::uint64>”:“__declspec(dllexport)”和“extern”在显式实例化上不兼容 (编译源文件 D:\selfproject\Game\game\Trunk\3rd\protobuf\src\google\protobuf\message_lite.cc)
d:\selfproject\game\game\trunk\3rd\protobuf\src\google\protobuf\repeated_field.h(2639): warning C4910: “google::protobuf::RepeatedField<float>”:“__declspec(dllexport)”和“extern”在显式实例化上不兼容 (编译源文件 D:\selfproject\Game\game\Trunk\3rd\protobuf\src\google\protobuf\message_lite.cc)
d:\selfproject\game\game\trunk\3rd\protobuf\src\google\protobuf\repeated_field.h(2640): warning C4910: “google::protobuf::RepeatedField<double>”:“__declspec(dllexport)”和“extern”在显式实例化上不兼容 (编译源文件 D:\selfproject\Game\game\Trunk\3rd\protobuf\src\google\protobuf\message_lite.cc)
d:\selfproject\game\game\trunk\3rd\protobuf\src\google\protobuf\repeated_field.h(2641): warning C4910: “google::protobuf::RepeatedPtrField<std::string>”:“__declspec(dllexport)”和“extern”在显式实例化上不兼容 (编译源文件 D:\selfproject\Game\game\Trunk\3rd\protobuf\src\google\protobuf\message_lite.cc)
d:\selfproject\game\game\trunk\3rd\protobuf\src\google\protobuf\repeated_field.h(2634): warning C4910: “google::protobuf::RepeatedField<bool>”:“__declspec(dllexport)”和“extern”在显式实例化上不兼容 (编译源文件 D:\selfproject\Game\game\Trunk\3rd\protobuf\src\google\protobuf\repeated_field.cc)
d:\selfproject\game\game\trunk\3rd\protobuf\src\google\protobuf\repeated_field.h(2635): warning C4910: “google::protobuf::RepeatedField<google::protobuf::int32>”:“__declspec(dllexport)”和“extern”在显式实例化上不兼容 (编译源文件 D:\selfproject\Game\game\Trunk\3rd\protobuf\src\google\protobuf\repeated_field.cc)
d:\selfproject\game\game\trunk\3rd\protobuf\src\google\protobuf\repeated_field.h(2636): warning C4910: “google::protobuf::RepeatedField<google::protobuf::uint32>”:“__declspec(dllexport)”和“extern”在显式实例化上不兼容 (编译源文件 D:\selfproject\Game\game\Trunk\3rd\protobuf\src\google\protobuf\repeated_field.cc)
d:\selfproject\game\game\trunk\3rd\protobuf\src\google\protobuf\repeated_field.h(2637): warning C4910: “google::protobuf::RepeatedField<google::protobuf::int64>”:“__declspec(dllexport)”和“extern”在显式实例化上不兼容 (编译源文件 D:\selfproject\Game\game\Trunk\3rd\protobuf\src\google\protobuf\repeated_field.cc)
d:\selfproject\game\game\trunk\3rd\protobuf\src\google\protobuf\repeated_field.h(2638): warning C4910: “google::protobuf::RepeatedField<google::protobuf::uint64>”:“__declspec(dllexport)”和“extern”在显式实例化上不兼容 (编译源文件 D:\selfproject\Game\game\Trunk\3rd\protobuf\src\google\protobuf\repeated_field.cc)
d:\selfproject\game\game\trunk\3rd\protobuf\src\google\protobuf\repeated_field.h(2639): warning C4910: “google::protobuf::RepeatedField<float>”:“__declspec(dllexport)”和“extern”在显式实例化上不兼容 (编译源文件 D:\selfproject\Game\game\Trunk\3rd\protobuf\src\google\protobuf\repeated_field.cc)
d:\selfproject\game\game\trunk\3rd\protobuf\src\google\protobuf\repeated_field.h(2640): warning C4910: “google::protobuf::RepeatedField<double>”:“__declspec(dllexport)”和“extern”在显式实例化上不兼容 (编译源文件 D:\selfproject\Game\game\Trunk\3rd\protobuf\src\google\protobuf\repeated_field.cc)
d:\selfproject\game\game\trunk\3rd\protobuf\src\google\protobuf\repeated_field.h(2641): warning C4910: “google::protobuf::RepeatedPtrField<std::string>”:“__declspec(dllexport)”和“extern”在显式实例化上不兼容 (编译源文件 D:\selfproject\Game\game\Trunk\3rd\protobuf\src\google\protobuf\repeated_field.cc)
  io_win32.cc
  status.cc
  statusor.cc
  stringpiece.cc
  stringprintf.cc
  structurally_valid.cc
  strutil.cc
  time.cc
  wire_format_lite.cc
d:\selfproject\game\game\trunk\3rd\protobuf\src\google\protobuf\repeated_field.h(2634): warning C4910: “google::protobuf::RepeatedField<bool>”:“__declspec(dllexport)”和“extern”在显式实例化上不兼容 (编译源文件 D:\selfproject\Game\game\Trunk\3rd\protobuf\src\google\protobuf\wire_format_lite.cc)
d:\selfproject\game\game\trunk\3rd\protobuf\src\google\protobuf\repeated_field.h(2635): warning C4910: “google::protobuf::RepeatedField<google::protobuf::int32>”:“__declspec(dllexport)”和“extern”在显式实例化上不兼容 (编译源文件 D:\selfproject\Game\game\Trunk\3rd\protobuf\src\google\protobuf\wire_format_lite.cc)
d:\selfproject\game\game\trunk\3rd\protobuf\src\google\protobuf\repeated_field.h(2636): warning C4910: “google::protobuf::RepeatedField<google::protobuf::uint32>”:“__declspec(dllexport)”和“extern”在显式实例化上不兼容 (编译源文件 D:\selfproject\Game\game\Trunk\3rd\protobuf\src\google\protobuf\wire_format_lite.cc)
d:\selfproject\game\game\trunk\3rd\protobuf\src\google\protobuf\repeated_field.h(2637): warning C4910: “google::protobuf::RepeatedField<google::protobuf::int64>”:“__declspec(dllexport)”和“extern”在显式实例化上不兼容 (编译源文件 D:\selfproject\Game\game\Trunk\3rd\protobuf\src\google\protobuf\wire_format_lite.cc)
d:\selfproject\game\game\trunk\3rd\protobuf\src\google\protobuf\repeated_field.h(2638): warning C4910: “google::protobuf::RepeatedField<google::protobuf::uint64>”:“__declspec(dllexport)”和“extern”在显式实例化上不兼容 (编译源文件 D:\selfproject\Game\game\Trunk\3rd\protobuf\src\google\protobuf\wire_format_lite.cc)
d:\selfproject\game\game\trunk\3rd\protobuf\src\google\protobuf\repeated_field.h(2639): warning C4910: “google::protobuf::RepeatedField<float>”:“__declspec(dllexport)”和“extern”在显式实例化上不兼容 (编译源文件 D:\selfproject\Game\game\Trunk\3rd\protobuf\src\google\protobuf\wire_format_lite.cc)
d:\selfproject\game\game\trunk\3rd\protobuf\src\google\protobuf\repeated_field.h(2640): warning C4910: “google::protobuf::RepeatedField<double>”:“__declspec(dllexport)”和“extern”在显式实例化上不兼容 (编译源文件 D:\selfproject\Game\game\Trunk\3rd\protobuf\src\google\protobuf\wire_format_lite.cc)
d:\selfproject\game\game\trunk\3rd\protobuf\src\google\protobuf\repeated_field.h(2641): warning C4910: “google::protobuf::RepeatedPtrField<std::string>”:“__declspec(dllexport)”和“extern”在显式实例化上不兼容 (编译源文件 D:\selfproject\Game\game\Trunk\3rd\protobuf\src\google\protobuf\wire_format_lite.cc)
    正在创建库 D:/selfproject/Game/game/Trunk/3rd/protobuf/cmake/build/solution/Release/libprotobuf-lite.lib 和对象 D:/selfproject/Game/game/Trunk/3rd/protobuf/cmake/build/solution/Release/libprotobuf-lite.exp
  libprotobuf-lite.vcxproj -> D:\selfproject\Game\game\Trunk\3rd\protobuf\cmake\build\solution\Release\libprotobuf-lite.dll
